<?xml version="1.0" encoding="UTF-8"?>
<!-- Generated by org.testng.reporters.JUnitReportReporter -->
<testsuite hostname="DESKTOP-VKAP99P" failures="0" tests="1" name="ElementNoClickable.NotClickableTest" time="16.654" errors="0" timestamp="06 Apr 2020 18:13:24 GMT" skipped="0">
  <testcase classname="ElementNoClickable.NotClickableTest" name="runTest" time="16.654"/>
</testsuite> <!-- ElementNoClickable.NotClickableTest -->
